C51 COMPILER V9.53.0.0   LCD_0_99_WITH_SWITCH                                              12/20/2018 15:19:46 PAGE 1   


C51 COMPILER V9.53.0.0, COMPILATION OF MODULE LCD_0_99_WITH_SWITCH
OBJECT MODULE PLACED IN LCD_0-99_WITH_SWITCH.OBJ
COMPILER INVOKED BY: C:\Keil_v5\C51\BIN\C51.EXE LCD_0-99_WITH_SWITCH.c OPTIMIZE(8,SPEED) BROWSE DEBUG OBJECTEXTEND TABS(
                    -2)

line level    source

   1          #include<reg51.h>
   2          #include "8051_delay.h"
   3          #include "LCD_4_BIT_HEADER_FILE.h"
   4          
   5          sbit SW = P1^0;
   6          int Count;
   7          
   8          void divider(int x)
   9          {
  10   1        int Temp,Dig1,Dig2;
  11   1        
  12   1        Temp = x;
  13   1      
  14   1        Dig1 = Temp/10;
  15   1        Lcd_Data(Dig1+48);
  16   1      
  17   1        Dig2 = Temp%10;
  18   1        Lcd_Data(Dig2+48);
  19   1      }
  20          
  21          void main()
  22          {
  23   1        SW = 1;
  24   1      
  25   1        Lcd_Intialization();
  26   1      
  27   1        Lcd_Command(0x80);
  28   1        Lcd_String("LYCO SOFT");
  29   1        
  30   1        while(1)
  31   1        {
  32   2          Lcd_Command(0xc0);
  33   2          divider(Count);
  34   2          
  35   2          if(SW == 1)
  36   2          {
  37   3            Count++;
  38   3          }
  39   2          
  40   2          if(Count > 99)
  41   2            Count = 0;
  42   2        }
  43   1      }


MODULE INFORMATION:   STATIC OVERLAYABLE
   CODE SIZE        =    259    ----
   CONSTANT SIZE    =     10    ----
   XDATA SIZE       =   ----    ----
   PDATA SIZE       =   ----    ----
   DATA SIZE        =      2       3
   IDATA SIZE       =   ----    ----
   BIT SIZE         =   ----    ----
END OF MODULE INFORMATION.

C51 COMPILER V9.53.0.0   LCD_0_99_WITH_SWITCH                                              12/20/2018 15:19:46 PAGE 2   


C51 COMPILATION COMPLETE.  0 WARNING(S),  0 ERROR(S)
